2015-12-25 15:55:37 Error: [Cake\Console\Exception\MissingShellException] Shell class for "--version" could not be found.
Exception Attributes: array (
  'class' => '--version',
)
Stack Trace:
#0 F:\Programmation\Web\Tricker\vendor\cakephp\cakephp\src\Console\ShellDispatcher.php(209): Cake\Console\ShellDispatcher->findShell('--version')
#1 F:\Programmation\Web\Tricker\vendor\cakephp\cakephp\src\Console\ShellDispatcher.php(179): Cake\Console\ShellDispatcher->_dispatch(Array)
#2 F:\Programmation\Web\Tricker\vendor\cakephp\cakephp\src\Console\ShellDispatcher.php(126): Cake\Console\ShellDispatcher->dispatch(Array)
#3 F:\Programmation\Web\Tricker\bin\cake.php(33): Cake\Console\ShellDispatcher::run(Array)
#4 {main}


2015-12-25 15:55:44 Error: [Cake\Console\Exception\MissingShellException] Shell class for "-version" could not be found.
Exception Attributes: array (
  'class' => '-version',
)
Stack Trace:
#0 F:\Programmation\Web\Tricker\vendor\cakephp\cakephp\src\Console\ShellDispatcher.php(209): Cake\Console\ShellDispatcher->findShell('-version')
#1 F:\Programmation\Web\Tricker\vendor\cakephp\cakephp\src\Console\ShellDispatcher.php(179): Cake\Console\ShellDispatcher->_dispatch(Array)
#2 F:\Programmation\Web\Tricker\vendor\cakephp\cakephp\src\Console\ShellDispatcher.php(126): Cake\Console\ShellDispatcher->dispatch(Array)
#3 F:\Programmation\Web\Tricker\bin\cake.php(33): Cake\Console\ShellDispatcher::run(Array)
#4 {main}


2015-12-25 15:55:46 Error: [Cake\Console\Exception\MissingShellException] Shell class for "-v" could not be found.
Exception Attributes: array (
  'class' => '-v',
)
Stack Trace:
#0 F:\Programmation\Web\Tricker\vendor\cakephp\cakephp\src\Console\ShellDispatcher.php(209): Cake\Console\ShellDispatcher->findShell('-v')
#1 F:\Programmation\Web\Tricker\vendor\cakephp\cakephp\src\Console\ShellDispatcher.php(179): Cake\Console\ShellDispatcher->_dispatch(Array)
#2 F:\Programmation\Web\Tricker\vendor\cakephp\cakephp\src\Console\ShellDispatcher.php(126): Cake\Console\ShellDispatcher->dispatch(Array)
#3 F:\Programmation\Web\Tricker\bin\cake.php(33): Cake\Console\ShellDispatcher::run(Array)
#4 {main}


2015-12-25 16:01:15 Error: [Cake\Console\Exception\MissingShellException] Shell class for "Test" could not be found.
Exception Attributes: array (
  'class' => 'Test',
)
Stack Trace:
#0 F:\Programmation\Web\Tricker\vendor\cakephp\cakephp\src\Console\ShellDispatcher.php(209): Cake\Console\ShellDispatcher->findShell('test')
#1 F:\Programmation\Web\Tricker\vendor\cakephp\cakephp\src\Console\ShellDispatcher.php(179): Cake\Console\ShellDispatcher->_dispatch(Array)
#2 F:\Programmation\Web\Tricker\vendor\cakephp\cakephp\src\Console\ShellDispatcher.php(126): Cake\Console\ShellDispatcher->dispatch(Array)
#3 F:\Programmation\Web\Tricker\bin\cake.php(33): Cake\Console\ShellDispatcher::run(Array)
#4 {main}


2015-12-25 16:01:19 Error: [Cake\Console\Exception\MissingShellException] Shell class for "Tests" could not be found.
Exception Attributes: array (
  'class' => 'Tests',
)
Stack Trace:
#0 F:\Programmation\Web\Tricker\vendor\cakephp\cakephp\src\Console\ShellDispatcher.php(209): Cake\Console\ShellDispatcher->findShell('tests')
#1 F:\Programmation\Web\Tricker\vendor\cakephp\cakephp\src\Console\ShellDispatcher.php(179): Cake\Console\ShellDispatcher->_dispatch(Array)
#2 F:\Programmation\Web\Tricker\vendor\cakephp\cakephp\src\Console\ShellDispatcher.php(126): Cake\Console\ShellDispatcher->dispatch(Array)
#3 F:\Programmation\Web\Tricker\bin\cake.php(33): Cake\Console\ShellDispatcher::run(Array)
#4 {main}


2015-12-25 16:37:00 Warning: Warning (2): Illegal string offset 'success' in [F:\Programmation\Web\Tricker\tests\TestCase\Controller\VideosControllerTest.php, line 66]
Trace:
Cake\Error\BaseErrorHandler::handleError() - CORE\src\Error\BaseErrorHandler.php, line 140
App\Test\TestCase\Controller\VideosControllerTest::testAdd() - ROOT\tests\TestCase\Controller\VideosControllerTest.php, line 66
ReflectionMethod::invokeArgs() - [internal], line ??
PHPUnit_Framework_TestCase::runTest() - ROOT\vendor\phpunit\phpunit\src\Framework\TestCase.php, line 909
PHPUnit_Framework_TestCase::runBare() - ROOT\vendor\phpunit\phpunit\src\Framework\TestCase.php, line 768
PHPUnit_Framework_TestResult::run() - ROOT\vendor\phpunit\phpunit\src\Framework\TestResult.php, line 612
PHPUnit_Framework_TestCase::run() - ROOT\vendor\phpunit\phpunit\src\Framework\TestCase.php, line 724
PHPUnit_Framework_TestSuite::run() - ROOT\vendor\phpunit\phpunit\src\Framework\TestSuite.php, line 747
PHPUnit_TextUI_TestRunner::doRun() - ROOT\vendor\phpunit\phpunit\src\TextUI\TestRunner.php, line 440
PHPUnit_TextUI_Command::run() - ROOT\vendor\phpunit\phpunit\src\TextUI\Command.php, line 149
PHPUnit_TextUI_Command::main() - ROOT\vendor\phpunit\phpunit\src\TextUI\Command.php, line 100
[main] - ROOT\vendor\phpunit\phpunit\phpunit, line 47



2015-12-25 16:37:16 Warning: Warning (2): Illegal string offset 'success' in [F:\Programmation\Web\Tricker\tests\TestCase\Controller\VideosControllerTest.php, line 66]
Trace:
Cake\Error\BaseErrorHandler::handleError() - CORE\src\Error\BaseErrorHandler.php, line 140
App\Test\TestCase\Controller\VideosControllerTest::testAdd() - ROOT\tests\TestCase\Controller\VideosControllerTest.php, line 66
ReflectionMethod::invokeArgs() - [internal], line ??
PHPUnit_Framework_TestCase::runTest() - ROOT\vendor\phpunit\phpunit\src\Framework\TestCase.php, line 909
PHPUnit_Framework_TestCase::runBare() - ROOT\vendor\phpunit\phpunit\src\Framework\TestCase.php, line 768
PHPUnit_Framework_TestResult::run() - ROOT\vendor\phpunit\phpunit\src\Framework\TestResult.php, line 612
PHPUnit_Framework_TestCase::run() - ROOT\vendor\phpunit\phpunit\src\Framework\TestCase.php, line 724
PHPUnit_Framework_TestSuite::run() - ROOT\vendor\phpunit\phpunit\src\Framework\TestSuite.php, line 747
PHPUnit_TextUI_TestRunner::doRun() - ROOT\vendor\phpunit\phpunit\src\TextUI\TestRunner.php, line 440
PHPUnit_TextUI_Command::run() - ROOT\vendor\phpunit\phpunit\src\TextUI\Command.php, line 149
PHPUnit_TextUI_Command::main() - ROOT\vendor\phpunit\phpunit\src\TextUI\Command.php, line 100
[main] - ROOT\vendor\phpunit\phpunit\phpunit, line 47



2015-12-25 16:38:05 Warning: Warning (2): Illegal string offset 'success' in [F:\Programmation\Web\Tricker\tests\TestCase\Controller\VideosControllerTest.php, line 66]
Trace:
Cake\Error\BaseErrorHandler::handleError() - CORE\src\Error\BaseErrorHandler.php, line 140
App\Test\TestCase\Controller\VideosControllerTest::testAdd() - ROOT\tests\TestCase\Controller\VideosControllerTest.php, line 66
ReflectionMethod::invokeArgs() - [internal], line ??
PHPUnit_Framework_TestCase::runTest() - ROOT\vendor\phpunit\phpunit\src\Framework\TestCase.php, line 909
PHPUnit_Framework_TestCase::runBare() - ROOT\vendor\phpunit\phpunit\src\Framework\TestCase.php, line 768
PHPUnit_Framework_TestResult::run() - ROOT\vendor\phpunit\phpunit\src\Framework\TestResult.php, line 612
PHPUnit_Framework_TestCase::run() - ROOT\vendor\phpunit\phpunit\src\Framework\TestCase.php, line 724
PHPUnit_Framework_TestSuite::run() - ROOT\vendor\phpunit\phpunit\src\Framework\TestSuite.php, line 747
PHPUnit_TextUI_TestRunner::doRun() - ROOT\vendor\phpunit\phpunit\src\TextUI\TestRunner.php, line 440
PHPUnit_TextUI_Command::run() - ROOT\vendor\phpunit\phpunit\src\TextUI\Command.php, line 149
PHPUnit_TextUI_Command::main() - ROOT\vendor\phpunit\phpunit\src\TextUI\Command.php, line 100
[main] - ROOT\vendor\phpunit\phpunit\phpunit, line 47



2015-12-25 16:38:19 Warning: Warning (2): Illegal string offset 'success' in [F:\Programmation\Web\Tricker\tests\TestCase\Controller\VideosControllerTest.php, line 67]
Trace:
Cake\Error\BaseErrorHandler::handleError() - CORE\src\Error\BaseErrorHandler.php, line 140
App\Test\TestCase\Controller\VideosControllerTest::testAdd() - ROOT\tests\TestCase\Controller\VideosControllerTest.php, line 67
ReflectionMethod::invokeArgs() - [internal], line ??
PHPUnit_Framework_TestCase::runTest() - ROOT\vendor\phpunit\phpunit\src\Framework\TestCase.php, line 909
PHPUnit_Framework_TestCase::runBare() - ROOT\vendor\phpunit\phpunit\src\Framework\TestCase.php, line 768
PHPUnit_Framework_TestResult::run() - ROOT\vendor\phpunit\phpunit\src\Framework\TestResult.php, line 612
PHPUnit_Framework_TestCase::run() - ROOT\vendor\phpunit\phpunit\src\Framework\TestCase.php, line 724
PHPUnit_Framework_TestSuite::run() - ROOT\vendor\phpunit\phpunit\src\Framework\TestSuite.php, line 747
PHPUnit_TextUI_TestRunner::doRun() - ROOT\vendor\phpunit\phpunit\src\TextUI\TestRunner.php, line 440
PHPUnit_TextUI_Command::run() - ROOT\vendor\phpunit\phpunit\src\TextUI\Command.php, line 149
PHPUnit_TextUI_Command::main() - ROOT\vendor\phpunit\phpunit\src\TextUI\Command.php, line 100
[main] - ROOT\vendor\phpunit\phpunit\phpunit, line 47



2015-12-25 18:42:30 Warning: Warning (4096): Argument 1 passed to Cake\Datasource\RulesChecker::add() must be callable, boolean given, called in F:\Programmation\Web\Tricker\src\Model\Table\VideosTable.php on line 121 and defined in [F:\Programmation\Web\Tricker\vendor\cakephp\cakephp\src\Datasource\RulesChecker.php, line 135]
Trace:
Cake\Error\BaseErrorHandler::handleError() - CORE\src\Error\BaseErrorHandler.php, line 140
Cake\Datasource\RulesChecker::add() - CORE\src\Datasource\RulesChecker.php, line 135
App\Model\Table\VideosTable::buildRules() - APP/Model\Table\VideosTable.php, line 121
Cake\ORM\Table::rulesChecker() - CORE\src\Datasource\RulesAwareTrait.php, line 96
Cake\ORM\Table::checkRules() - CORE\src\Datasource\RulesAwareTrait.php, line 50
Cake\ORM\Table::_processSave() - CORE\src\ORM\Table.php, line 1424
Cake\ORM\Table::Cake\ORM\{closure}() - CORE\src\ORM\Table.php, line 1381
Cake\Database\Connection::transactional() - CORE\src\Database\Connection.php, line 557
Cake\ORM\Table::save() - CORE\src\ORM\Table.php, line 1382
App\Controller\VideosController::add() - APP/Controller\VideosController.php, line 64
Cake\Controller\Controller::invokeAction() - CORE\src\Controller\Controller.php, line 429
Cake\Routing\Dispatcher::_invoke() - CORE\src\Routing\Dispatcher.php, line 114
Cake\Routing\Dispatcher::dispatch() - CORE\src\Routing\Dispatcher.php, line 87
Cake\TestSuite\IntegrationTestCase::_sendRequest() - CORE\src\TestSuite\IntegrationTestCase.php, line 321
Cake\TestSuite\IntegrationTestCase::post() - CORE\src\TestSuite\IntegrationTestCase.php, line 249
App\Test\TestCase\Controller\VideosControllerTest::testAdd() - ROOT\tests\TestCase\Controller\VideosControllerTest.php, line 69
ReflectionMethod::invokeArgs() - [internal], line ??
PHPUnit_Framework_TestCase::runTest() - ROOT\vendor\phpunit\phpunit\src\Framework\TestCase.php, line 909
PHPUnit_Framework_TestCase::runBare() - ROOT\vendor\phpunit\phpunit\src\Framework\TestCase.php, line 768
PHPUnit_Framework_TestResult::run() - ROOT\vendor\phpunit\phpunit\src\Framework\TestResult.php, line 612
PHPUnit_Framework_TestCase::run() - ROOT\vendor\phpunit\phpunit\src\Framework\TestCase.php, line 724
PHPUnit_Framework_TestSuite::run() - ROOT\vendor\phpunit\phpunit\src\Framework\TestSuite.php, line 747
PHPUnit_TextUI_TestRunner::doRun() - ROOT\vendor\phpunit\phpunit\src\TextUI\TestRunner.php, line 440
PHPUnit_TextUI_Command::run() - ROOT\vendor\phpunit\phpunit\src\TextUI\Command.php, line 149
PHPUnit_TextUI_Command::main() - ROOT\vendor\phpunit\phpunit\src\TextUI\Command.php, line 100
[main] - ROOT\vendor\phpunit\phpunit\phpunit, line 47



2015-12-25 19:18:07 Warning: Warning (2): Missing argument 1 for Cake\Network\Request::query(), called in F:\Programmation\Web\Tricker\src\Controller\VideosController.php on line 38 and defined in [F:\Programmation\Web\Tricker\vendor\cakephp\cakephp\src\Network\Request.php, line 1113]
Trace:
Cake\Error\BaseErrorHandler::handleError() - CORE\src\Error\BaseErrorHandler.php, line 140
Cake\Network\Request::query() - CORE\src\Network\Request.php, line 1113
App\Controller\VideosController::search() - APP/Controller\VideosController.php, line 38
Cake\Controller\Controller::invokeAction() - CORE\src\Controller\Controller.php, line 429
Cake\Routing\Dispatcher::_invoke() - CORE\src\Routing\Dispatcher.php, line 114
Cake\Routing\Dispatcher::dispatch() - CORE\src\Routing\Dispatcher.php, line 87
Cake\TestSuite\IntegrationTestCase::_sendRequest() - CORE\src\TestSuite\IntegrationTestCase.php, line 321
Cake\TestSuite\IntegrationTestCase::get() - CORE\src\TestSuite\IntegrationTestCase.php, line 233
App\Test\TestCase\Controller\VideosControllerTest::testSearch() - ROOT\tests\TestCase\Controller\VideosControllerTest.php, line 148
ReflectionMethod::invokeArgs() - [internal], line ??
PHPUnit_Framework_TestCase::runTest() - ROOT\vendor\phpunit\phpunit\src\Framework\TestCase.php, line 909
PHPUnit_Framework_TestCase::runBare() - ROOT\vendor\phpunit\phpunit\src\Framework\TestCase.php, line 768
PHPUnit_Framework_TestResult::run() - ROOT\vendor\phpunit\phpunit\src\Framework\TestResult.php, line 612
PHPUnit_Framework_TestCase::run() - ROOT\vendor\phpunit\phpunit\src\Framework\TestCase.php, line 724
PHPUnit_Framework_TestSuite::run() - ROOT\vendor\phpunit\phpunit\src\Framework\TestSuite.php, line 747
PHPUnit_Framework_TestSuite::run() - ROOT\vendor\phpunit\phpunit\src\Framework\TestSuite.php, line 747
PHPUnit_TextUI_TestRunner::doRun() - ROOT\vendor\phpunit\phpunit\src\TextUI\TestRunner.php, line 440
PHPUnit_TextUI_Command::run() - ROOT\vendor\phpunit\phpunit\src\TextUI\Command.php, line 149
PHPUnit_TextUI_Command::main() - ROOT\vendor\phpunit\phpunit\src\TextUI\Command.php, line 100
[main] - ROOT\vendor\phpunit\phpunit\phpunit, line 47



2015-12-26 10:49:48 Warning: Warning (4096): Argument 1 passed to Cake\ORM\Table::delete() must implement interface Cake\Datasource\EntityInterface, array given, called in F:\Programmation\Web\Tricker\tests\TestCase\Controller\VideoTagsControllerTest.php on line 69 and defined in [F:\Programmation\Web\Tricker\vendor\cakephp\cakephp\src\ORM\Table.php, line 1638]
Trace:
Cake\Error\BaseErrorHandler::handleError() - CORE\src\Error\BaseErrorHandler.php, line 140
Cake\ORM\Table::delete() - CORE\src\ORM\Table.php, line 1638
App\Test\TestCase\Controller\VideoTagsControllerTest::testAdd() - ROOT\tests\TestCase\Controller\VideoTagsControllerTest.php, line 69
ReflectionMethod::invokeArgs() - [internal], line ??
PHPUnit_Framework_TestCase::runTest() - ROOT\vendor\phpunit\phpunit\src\Framework\TestCase.php, line 909
PHPUnit_Framework_TestCase::runBare() - ROOT\vendor\phpunit\phpunit\src\Framework\TestCase.php, line 768
PHPUnit_Framework_TestResult::run() - ROOT\vendor\phpunit\phpunit\src\Framework\TestResult.php, line 612
PHPUnit_Framework_TestCase::run() - ROOT\vendor\phpunit\phpunit\src\Framework\TestCase.php, line 724
PHPUnit_Framework_TestSuite::run() - ROOT\vendor\phpunit\phpunit\src\Framework\TestSuite.php, line 747
PHPUnit_TextUI_TestRunner::doRun() - ROOT\vendor\phpunit\phpunit\src\TextUI\TestRunner.php, line 440
PHPUnit_TextUI_Command::run() - ROOT\vendor\phpunit\phpunit\src\TextUI\Command.php, line 149
PHPUnit_TextUI_Command::main() - ROOT\vendor\phpunit\phpunit\src\TextUI\Command.php, line 100
[main] - ROOT\vendor\phpunit\phpunit\phpunit, line 47



2015-12-26 10:49:57 Warning: Warning (4096): Argument 1 passed to Cake\ORM\Table::delete() must implement interface Cake\Datasource\EntityInterface, array given, called in F:\Programmation\Web\Tricker\tests\TestCase\Controller\VideoTagsControllerTest.php on line 69 and defined in [F:\Programmation\Web\Tricker\vendor\cakephp\cakephp\src\ORM\Table.php, line 1638]
Trace:
Cake\Error\BaseErrorHandler::handleError() - CORE\src\Error\BaseErrorHandler.php, line 140
Cake\ORM\Table::delete() - CORE\src\ORM\Table.php, line 1638
App\Test\TestCase\Controller\VideoTagsControllerTest::testAdd() - ROOT\tests\TestCase\Controller\VideoTagsControllerTest.php, line 69
ReflectionMethod::invokeArgs() - [internal], line ??
PHPUnit_Framework_TestCase::runTest() - ROOT\vendor\phpunit\phpunit\src\Framework\TestCase.php, line 909
PHPUnit_Framework_TestCase::runBare() - ROOT\vendor\phpunit\phpunit\src\Framework\TestCase.php, line 768
PHPUnit_Framework_TestResult::run() - ROOT\vendor\phpunit\phpunit\src\Framework\TestResult.php, line 612
PHPUnit_Framework_TestCase::run() - ROOT\vendor\phpunit\phpunit\src\Framework\TestCase.php, line 724
PHPUnit_Framework_TestSuite::run() - ROOT\vendor\phpunit\phpunit\src\Framework\TestSuite.php, line 747
PHPUnit_TextUI_TestRunner::doRun() - ROOT\vendor\phpunit\phpunit\src\TextUI\TestRunner.php, line 440
PHPUnit_TextUI_Command::run() - ROOT\vendor\phpunit\phpunit\src\TextUI\Command.php, line 149
PHPUnit_TextUI_Command::main() - ROOT\vendor\phpunit\phpunit\src\TextUI\Command.php, line 100
[main] - ROOT\vendor\phpunit\phpunit\phpunit, line 47



